{"/home/ivan/Рабочий стол/veapache-task-3-master/src/client.ts": {"path":"/home/ivan/Рабочий стол/veapache-task-3-master/src/client.ts","statementMap":{"0":{"start":{"line":1,"column":0},"end":{"line":1,"column":46}},"1":{"start":{"line":3,"column":15},"end":{"line":3,"column":33}},"2":{"start":{"line":5,"column":0},"end":{"line":5,"column":22}}},"fnMap":{},"branchMap":{},"s":{"0":1,"1":1,"2":1},"f":{},"b":{}}
,"/home/ivan/Рабочий стол/veapache-task-3-master/src/functions/players.ts": {"path":"/home/ivan/Рабочий стол/veapache-task-3-master/src/functions/players.ts","statementMap":{"0":{"start":{"line":2,"column":0},"end":{"line":2,"column":31}},"1":{"start":{"line":35,"column":2},"end":{"line":39,"column":null}},"2":{"start":{"line":34,"column":0},"end":{"line":34,"column":22}},"3":{"start":{"line":43,"column":2},"end":{"line":47,"column":null}},"4":{"start":{"line":42,"column":0},"end":{"line":42,"column":22}},"5":{"start":{"line":51,"column":2},"end":{"line":55,"column":null}},"6":{"start":{"line":50,"column":0},"end":{"line":50,"column":22}},"7":{"start":{"line":59,"column":2},"end":{"line":63,"column":null}},"8":{"start":{"line":58,"column":0},"end":{"line":58,"column":22}},"9":{"start":{"line":67,"column":2},"end":{"line":71,"column":null}},"10":{"start":{"line":66,"column":0},"end":{"line":66,"column":22}},"11":{"start":{"line":75,"column":2},"end":{"line":82,"column":null}},"12":{"start":{"line":74,"column":0},"end":{"line":74,"column":22}},"13":{"start":{"line":86,"column":2},"end":{"line":90,"column":null}},"14":{"start":{"line":85,"column":0},"end":{"line":85,"column":22}},"15":{"start":{"line":94,"column":2},"end":{"line":98,"column":null}},"16":{"start":{"line":93,"column":0},"end":{"line":93,"column":22}},"17":{"start":{"line":103,"column":2},"end":{"line":109,"column":null}},"18":{"start":{"line":101,"column":0},"end":{"line":101,"column":22}},"19":{"start":{"line":113,"column":2},"end":{"line":118,"column":null}},"20":{"start":{"line":112,"column":0},"end":{"line":112,"column":22}},"21":{"start":{"line":122,"column":2},"end":{"line":127,"column":null}},"22":{"start":{"line":121,"column":0},"end":{"line":121,"column":22}},"23":{"start":{"line":131,"column":2},"end":{"line":135,"column":null}},"24":{"start":{"line":130,"column":0},"end":{"line":130,"column":22}},"25":{"start":{"line":139,"column":2},"end":{"line":143,"column":null}},"26":{"start":{"line":138,"column":0},"end":{"line":138,"column":22}}},"fnMap":{"0":{"name":"getUsers","decl":{"start":{"line":34,"column":22},"end":{"line":34,"column":30}},"loc":{"start":{"line":34,"column":30},"end":{"line":40,"column":null}}},"1":{"name":"getAutos","decl":{"start":{"line":42,"column":22},"end":{"line":42,"column":30}},"loc":{"start":{"line":42,"column":30},"end":{"line":48,"column":null}}},"2":{"name":"getUser","decl":{"start":{"line":50,"column":22},"end":{"line":50,"column":29}},"loc":{"start":{"line":50,"column":44},"end":{"line":56,"column":null}}},"3":{"name":"getAuto","decl":{"start":{"line":58,"column":22},"end":{"line":58,"column":29}},"loc":{"start":{"line":58,"column":44},"end":{"line":64,"column":null}}},"4":{"name":"getOrder","decl":{"start":{"line":66,"column":22},"end":{"line":66,"column":30}},"loc":{"start":{"line":66,"column":46},"end":{"line":72,"column":null}}},"5":{"name":"getUserDetails","decl":{"start":{"line":74,"column":22},"end":{"line":74,"column":36}},"loc":{"start":{"line":74,"column":51},"end":{"line":83,"column":null}}},"6":{"name":"createUser","decl":{"start":{"line":85,"column":22},"end":{"line":85,"column":32}},"loc":{"start":{"line":85,"column":49},"end":{"line":91,"column":null}}},"7":{"name":"createAuto","decl":{"start":{"line":93,"column":22},"end":{"line":93,"column":32}},"loc":{"start":{"line":93,"column":49},"end":{"line":99,"column":null}}},"8":{"name":"createOrder","decl":{"start":{"line":101,"column":22},"end":{"line":101,"column":33}},"loc":{"start":{"line":102,"column":32},"end":{"line":110,"column":null}}},"9":{"name":"updateUser","decl":{"start":{"line":112,"column":22},"end":{"line":112,"column":32}},"loc":{"start":{"line":112,"column":65},"end":{"line":119,"column":null}}},"10":{"name":"updateAuto","decl":{"start":{"line":121,"column":22},"end":{"line":121,"column":32}},"loc":{"start":{"line":121,"column":65},"end":{"line":128,"column":null}}},"11":{"name":"deleteUser","decl":{"start":{"line":130,"column":22},"end":{"line":130,"column":32}},"loc":{"start":{"line":130,"column":47},"end":{"line":136,"column":null}}},"12":{"name":"deleteAuto","decl":{"start":{"line":138,"column":22},"end":{"line":138,"column":32}},"loc":{"start":{"line":138,"column":47},"end":{"line":144,"column":null}}}},"branchMap":{},"s":{"0":1,"1":2,"2":1,"3":2,"4":1,"5":4,"6":1,"7":4,"8":1,"9":0,"10":1,"11":0,"12":1,"13":5,"14":1,"15":5,"16":1,"17":1,"18":1,"19":1,"20":1,"21":1,"22":1,"23":1,"24":1,"25":1,"26":1},"f":{"0":2,"1":2,"2":4,"3":4,"4":0,"5":0,"6":5,"7":5,"8":1,"9":1,"10":1,"11":1,"12":1},"b":{}}
}
