TN:
SF:src/client.ts
FNF:0
FNH:0
DA:1,1
DA:3,1
DA:5,1
LF:3
LH:3
BRF:0
BRH:0
end_of_record
TN:
SF:src/functions/users.ts
FN:34,getUsers
FN:42,getAutos
FN:50,getUser
FN:58,getAuto
FN:66,getOrder
FN:74,getUserDetails
FN:85,createUser
FN:93,createAuto
FN:105,updateUser
FN:114,updateAuto
FN:123,deleteUser
FN:131,deleteAuto
FNF:12
FNH:10
FNDA:2,getUsers
FNDA:2,getAutos
FNDA:4,getUser
FNDA:4,getAuto
FNDA:0,getOrder
FNDA:0,getUserDetails
FNDA:5,createUser
FNDA:5,createAuto
FNDA:1,updateUser
FNDA:1,updateAuto
FNDA:1,deleteUser
FNDA:1,deleteAuto
DA:2,1
DA:34,1
DA:35,2
DA:42,1
DA:43,2
DA:50,1
DA:51,4
DA:58,1
DA:59,4
DA:66,1
DA:67,0
DA:74,1
DA:75,0
DA:85,1
DA:86,5
DA:93,1
DA:94,5
DA:105,1
DA:106,1
DA:114,1
DA:115,1
DA:123,1
DA:124,1
DA:131,1
DA:132,1
LF:25
LH:23
BRF:0
BRH:0
end_of_record
