TN:
SF:src/client.ts
FNF:0
FNH:0
DA:1,1
DA:3,1
DA:5,1
LF:3
LH:3
BRF:0
BRH:0
end_of_record
TN:
SF:src/functions/players.ts
FN:34,getUsers
FN:42,getAutos
FN:50,getUser
FN:58,getAuto
FN:66,getOrder
FN:74,getUserDetails
FN:85,createUser
FN:93,createAuto
FN:101,createOrder
FN:112,updateUser
FN:121,updateAuto
FN:130,deleteUser
FN:138,deleteAuto
FNF:13
FNH:11
FNDA:2,getUsers
FNDA:2,getAutos
FNDA:4,getUser
FNDA:4,getAuto
FNDA:0,getOrder
FNDA:0,getUserDetails
FNDA:5,createUser
FNDA:5,createAuto
FNDA:1,createOrder
FNDA:1,updateUser
FNDA:1,updateAuto
FNDA:1,deleteUser
FNDA:1,deleteAuto
DA:2,1
DA:34,1
DA:35,2
DA:42,1
DA:43,2
DA:50,1
DA:51,4
DA:58,1
DA:59,4
DA:66,1
DA:67,0
DA:74,1
DA:75,0
DA:85,1
DA:86,5
DA:93,1
DA:94,5
DA:101,1
DA:103,1
DA:112,1
DA:113,1
DA:121,1
DA:122,1
DA:130,1
DA:131,1
DA:138,1
DA:139,1
LF:27
LH:25
BRF:0
BRH:0
end_of_record
